2018-04-28 12:24:36.808 [main] DEBUG com.imooc.o2o.dao.ShopDao.queryShopList - ==>  Preparing: SELECT s.shop_id, s.shop_name, s.shop_desc, s.shop_addr, s.phone, s.shop_img, s.priority, s.create_time, s.last_edit_time, s.enable_status, s.advice, a.area_id, a.area_name, sc.shop_category_id, sc.shop_category_name FROM tb_shop s, tb_area a, tb_shop_category sc WHERE s.owner_id =? AND s.area_id=a.area_id AND s.shop_category_id=sc.shop_category_id ORDER BY s.priority DESC LIMIT ?,?; 
2018-04-28 12:24:36.912 [main] DEBUG com.imooc.o2o.dao.ShopDao.queryShopList - ==> Parameters: 1(Long), 0(Integer), 5(Integer)
2018-04-28 12:24:36.960 [main] DEBUG com.imooc.o2o.dao.ShopDao.queryShopList - <==      Total: 5
2018-04-28 12:24:36.973 [main] DEBUG com.imooc.o2o.dao.ShopDao.queryShopCount - ==>  Preparing: SELECT count(1) FROM tb_shop s, tb_area a, tb_shop_category sc WHERE s.owner_id =? AND s.area_id=a.area_id AND s.shop_category_id=sc.shop_category_id 
2018-04-28 12:24:36.974 [main] DEBUG com.imooc.o2o.dao.ShopDao.queryShopCount - ==> Parameters: 1(Long)
2018-04-28 12:24:36.987 [main] DEBUG com.imooc.o2o.dao.ShopDao.queryShopCount - <==      Total: 1
2018-04-28 12:30:35.191 [main] DEBUG com.imooc.o2o.dao.ShopDao.queryShopList - ==>  Preparing: SELECT s.shop_id, s.shop_name, s.shop_desc, s.shop_addr, s.phone, s.shop_img, s.priority, s.create_time, s.last_edit_time, s.enable_status, s.advice, a.area_id, a.area_name, sc.shop_category_id, sc.shop_category_name FROM tb_shop s, tb_area a, tb_shop_category sc WHERE s.owner_id =? AND s.area_id=a.area_id AND s.shop_category_id=sc.shop_category_id ORDER BY s.priority DESC LIMIT ?,?; 
2018-04-28 12:30:35.258 [main] DEBUG com.imooc.o2o.dao.ShopDao.queryShopList - ==> Parameters: 1(Long), 0(Integer), 5(Integer)
2018-04-28 12:30:35.291 [main] DEBUG com.imooc.o2o.dao.ShopDao.queryShopList - <==      Total: 5
2018-04-28 12:30:35.300 [main] DEBUG com.imooc.o2o.dao.ShopDao.queryShopCount - ==>  Preparing: SELECT count(1) FROM tb_shop s, tb_area a, tb_shop_category sc WHERE s.owner_id =? AND s.area_id=a.area_id AND s.shop_category_id=sc.shop_category_id 
2018-04-28 12:30:35.301 [main] DEBUG com.imooc.o2o.dao.ShopDao.queryShopCount - ==> Parameters: 1(Long)
2018-04-28 12:30:35.303 [main] DEBUG com.imooc.o2o.dao.ShopDao.queryShopCount - <==      Total: 1
2018-04-28 12:30:35.305 [main] DEBUG com.imooc.o2o.dao.ShopDao.queryShopList - ==>  Preparing: SELECT s.shop_id, s.shop_name, s.shop_desc, s.shop_addr, s.phone, s.shop_img, s.priority, s.create_time, s.last_edit_time, s.enable_status, s.advice, a.area_id, a.area_name, sc.shop_category_id, sc.shop_category_name FROM tb_shop s, tb_area a, tb_shop_category sc WHERE s.shop_category_id=? AND s.owner_id =? AND s.area_id=a.area_id AND s.shop_category_id=sc.shop_category_id ORDER BY s.priority DESC LIMIT ?,?; 
2018-04-28 12:30:35.306 [main] DEBUG com.imooc.o2o.dao.ShopDao.queryShopList - ==> Parameters: 2(Long), 1(Long), 0(Integer), 2(Integer)
2018-04-28 12:30:35.309 [main] DEBUG com.imooc.o2o.dao.ShopDao.queryShopList - <==      Total: 2
2018-04-28 12:30:35.312 [main] DEBUG com.imooc.o2o.dao.ShopDao.queryShopCount - ==>  Preparing: SELECT count(1) FROM tb_shop s, tb_area a, tb_shop_category sc WHERE s.shop_category_id=? AND s.owner_id =? AND s.area_id=a.area_id AND s.shop_category_id=sc.shop_category_id 
2018-04-28 12:30:35.313 [main] DEBUG com.imooc.o2o.dao.ShopDao.queryShopCount - ==> Parameters: 2(Long), 1(Long)
2018-04-28 12:30:35.314 [main] DEBUG com.imooc.o2o.dao.ShopDao.queryShopCount - <==      Total: 1
2018-04-28 13:04:51.662 [main] DEBUG com.imooc.o2o.dao.ShopDao.queryShopList - ==>  Preparing: SELECT s.shop_id, s.shop_name, s.shop_desc, s.shop_addr, s.phone, s.shop_img, s.priority, s.create_time, s.last_edit_time, s.enable_status, s.advice, a.area_id, a.area_name, sc.shop_category_id, sc.shop_category_name FROM tb_shop s, tb_area a, tb_shop_category sc WHERE s.shop_category_id=? AND s.area_id=a.area_id AND s.shop_category_id=sc.shop_category_id ORDER BY s.priority DESC LIMIT ?,?; 
2018-04-28 13:04:51.722 [main] DEBUG com.imooc.o2o.dao.ShopDao.queryShopList - ==> Parameters: 2(Long), 0(Integer), 2(Integer)
2018-04-28 13:04:51.771 [main] DEBUG com.imooc.o2o.dao.ShopDao.queryShopList - <==      Total: 2
2018-04-28 13:04:51.786 [main] DEBUG com.imooc.o2o.dao.ShopDao.queryShopCount - ==>  Preparing: SELECT count(1) FROM tb_shop s, tb_area a, tb_shop_category sc WHERE s.shop_category_id=? AND s.area_id=a.area_id AND s.shop_category_id=sc.shop_category_id 
2018-04-28 13:04:51.788 [main] DEBUG com.imooc.o2o.dao.ShopDao.queryShopCount - ==> Parameters: 2(Long)
2018-04-28 13:04:51.792 [main] DEBUG com.imooc.o2o.dao.ShopDao.queryShopCount - <==      Total: 1
2018-04-28 13:05:10.974 [main] DEBUG com.imooc.o2o.dao.ShopDao.queryShopList - ==>  Preparing: SELECT s.shop_id, s.shop_name, s.shop_desc, s.shop_addr, s.phone, s.shop_img, s.priority, s.create_time, s.last_edit_time, s.enable_status, s.advice, a.area_id, a.area_name, sc.shop_category_id, sc.shop_category_name FROM tb_shop s, tb_area a, tb_shop_category sc WHERE s.shop_category_id=? AND s.area_id=a.area_id AND s.shop_category_id=sc.shop_category_id ORDER BY s.priority DESC LIMIT ?,?; 
2018-04-28 13:05:11.014 [main] DEBUG com.imooc.o2o.dao.ShopDao.queryShopList - ==> Parameters: 2(Long), 2(Integer), 2(Integer)
2018-04-28 13:05:11.034 [main] DEBUG com.imooc.o2o.dao.ShopDao.queryShopList - <==      Total: 2
2018-04-28 13:05:11.043 [main] DEBUG com.imooc.o2o.dao.ShopDao.queryShopCount - ==>  Preparing: SELECT count(1) FROM tb_shop s, tb_area a, tb_shop_category sc WHERE s.shop_category_id=? AND s.area_id=a.area_id AND s.shop_category_id=sc.shop_category_id 
2018-04-28 13:05:11.044 [main] DEBUG com.imooc.o2o.dao.ShopDao.queryShopCount - ==> Parameters: 2(Long)
2018-04-28 13:05:11.045 [main] DEBUG com.imooc.o2o.dao.ShopDao.queryShopCount - <==      Total: 1
